#
# There is insufficient memory for the Java Runtime Environment to continue.
# Native memory allocation (malloc) failed to allocate 1048576 bytes for E in C:\jdk7u2_64p\jdk7u17\hotspot\src\share\vm\utilities/taskqueue.hpp
# Possible reasons:
#   The system is out of physical RAM or swap space
#   In 32 bit mode, the process size limit was hit
# Possible solutions:
#   Reduce memory load on the system
#   Increase physical memory or swap space
#   Check if swap backing store is full
#   Use 64 bit Java on a 64 bit OS
#   Decrease Java heap size (-Xmx/-Xms)
#   Decrease number of Java threads
#   Decrease Java thread stack sizes (-Xss)
#   Set larger code cache with -XX:ReservedCodeCacheSize=
# This output file may be truncated or incomplete.
#
#  Out of Memory Error (memory/allocation.inline.hpp:58), pid=8856, tid=9492
#
# JRE version: 7.0_17-b02
# Java VM: Java HotSpot(TM) 64-Bit Server VM (23.7-b01 mixed mode windows-amd64 compressed oops)
# Failed to write core dump. Minidumps are not enabled by default on client versions of Windows
#

---------------  T H R E A D  ---------------

Current thread (0x00000000022f8000):  JavaThread "Unknown thread" [_thread_in_vm, id=9492, stack(0x0000000002530000,0x0000000002630000)]

Stack: [0x0000000002530000,0x0000000002630000]

---------------  P R O C E S S  ---------------

Java Threads: ( => current thread )

Other Threads:

=>0x00000000022f8000 (exited) JavaThread "Unknown thread" [_thread_in_vm, id=9492, stack(0x0000000002530000,0x0000000002630000)]

VM state:not at safepoint (normal execution)

VM Mutex/Monitor currently owned by a thread: None

Heap
 PSYoungGen      total 35904K, used 615K [0x00000000eaab0000, 0x00000000ed2c0000, 0x0000000100000000)
  eden space 30784K, 2% used [0x00000000eaab0000,0x00000000eab49f28,0x00000000ec8c0000)
  from space 5120K, 0% used [0x00000000ecdc0000,0x00000000ecdc0000,0x00000000ed2c0000)
  to   space 5120K, 0% used [0x00000000ec8c0000,0x00000000ec8c0000,0x00000000ecdc0000)
 ParOldGen       total 82112K, used 0K [0x00000000c0000000, 0x00000000c5030000, 0x00000000eaab0000)
  object space 82112K, 0% used [0x00000000c0000000,0x00000000c0000000,0x00000000c5030000)
 PSPermGen       total 21248K, used 702K [0x00000000bae00000, 0x00000000bc2c0000, 0x00000000c0000000)
  object space 21248K, 3% used [0x00000000bae00000,0x00000000baeafb18,0x00000000bc2c0000)

Card table byte_map: [0x00000000056f0000,0x0000000005920000] byte_map_base: 0x0000000005119000

Polling page: 0x0000000001b60000

Code Cache  [0x0000000002630000, 0x00000000028a0000, 0x0000000005630000)
 total_blobs=39 nmethods=0 adapters=20 free_code_cache=48889Kb largest_free_block=50062912

Compilation events (0 events):
No events

GC Heap History (0 events):
No events

Deoptimization events (0 events):
No events

Internal exceptions (0 events):
No events

Events (10 events):
Event: 0.027 loading class 0x00000000023423c0
Event: 0.028 loading class 0x00000000023423c0 done
Event: 0.028 loading class 0x0000000002342420
Event: 0.028 loading class 0x0000000002342420 done
Event: 0.028 loading class 0x0000000002342450
Event: 0.028 loading class 0x0000000002342450 done
Event: 0.029 loading class 0x00000000023438c0
Event: 0.029 loading class 0x00000000023438c0 done
Event: 0.029 loading class 0x00000000023019a0
Event: 0.029 loading class 0x00000000023019a0 done


Dynamic libraries:
0x000000013fb60000 - 0x000000013fb93000 	C:\Program Files\Java\jdk1.7.0_17\bin\java.exe
0x0000000077ae0000 - 0x0000000077c89000 	C:\Windows\SYSTEM32\ntdll.dll
0x00000000779c0000 - 0x0000000077ae0000 	C:\Windows\system32\kernel32.dll
0x000007fefd980000 - 0x000007fefd9ec000 	C:\Windows\system32\KERNELBASE.dll
0x000007fefdc50000 - 0x000007fefdd2b000 	C:\Windows\system32\ADVAPI32.dll
0x000007feffc20000 - 0x000007feffcbf000 	C:\Windows\system32\msvcrt.dll
0x000007fefee10000 - 0x000007fefee2f000 	C:\Windows\SYSTEM32\sechost.dll
0x000007feffcc0000 - 0x000007feffded000 	C:\Windows\system32\RPCRT4.dll
0x00000000778c0000 - 0x00000000779ba000 	C:\Windows\system32\USER32.dll
0x000007fefe010000 - 0x000007fefe077000 	C:\Windows\system32\GDI32.dll
0x000007fefe4d0000 - 0x000007fefe4de000 	C:\Windows\system32\LPK.dll
0x000007fefdf40000 - 0x000007fefe00a000 	C:\Windows\system32\USP10.dll
0x000007fefc0e0000 - 0x000007fefc2d4000 	C:\Windows\WinSxS\amd64_microsoft.windows.common-controls_6595b64144ccf1df_6.0.7601.18837_none_fa3b1e3d17594757\COMCTL32.dll
0x000007fefe510000 - 0x000007fefe581000 	C:\Windows\system32\SHLWAPI.dll
0x000007fefe4e0000 - 0x000007fefe50e000 	C:\Windows\system32\IMM32.DLL
0x000007fefe080000 - 0x000007fefe189000 	C:\Windows\system32\MSCTF.dll
0x0000000063d80000 - 0x0000000063e51000 	C:\Program Files\Java\jdk1.7.0_17\jre\bin\msvcr100.dll
0x0000000063e60000 - 0x000000006457f000 	C:\Program Files\Java\jdk1.7.0_17\jre\bin\server\jvm.dll
0x000007fef73f0000 - 0x000007fef73f9000 	C:\Windows\system32\WSOCK32.dll
0x000007fefe190000 - 0x000007fefe1dd000 	C:\Windows\system32\WS2_32.dll
0x000007fefe590000 - 0x000007fefe598000 	C:\Windows\system32\NSI.dll
0x000007fefb660000 - 0x000007fefb69b000 	C:\Windows\system32\WINMM.dll
0x0000000077cb0000 - 0x0000000077cb7000 	C:\Windows\system32\PSAPI.DLL
0x0000000075170000 - 0x000000007517f000 	C:\Program Files\Java\jdk1.7.0_17\jre\bin\verify.dll
0x0000000074dd0000 - 0x0000000074df8000 	C:\Program Files\Java\jdk1.7.0_17\jre\bin\java.dll
0x0000000074db0000 - 0x0000000074dc5000 	C:\Program Files\Java\jdk1.7.0_17\jre\bin\zip.dll

VM Arguments:
jvm_args: -Djava.awt.headless=true -Xmx1024M -Dfile.encoding=x-windows-949 -Duser.country=KR -Duser.language=ko -Duser.variant 
java_command: com.android.dx.command.Main --dex --force-jumbo --output C:\Users\Administrator\Desktop\kalman_app\kalman\app\build\intermediates\pre-dexed\debug\main_00453821ee9ddcbdd02c889a095316b653deb983.jar C:\Users\Administrator\Desktop\kalman_app\kalman\app\build\intermediates\transforms\instantRun\debug\folders\1\5\main
Launcher Type: SUN_STANDARD

Environment Variables:
PATH=C:\ProgramData\Oracle\Java\javapath;C:\Program Files (x86)\Common Files\NetSarang;C:\MentorGraphics\2007PADS\SDD_HOME\common\win32\bin;C:\MentorGraphics\2007PADS\SDD_HOME\common\win32\lib;D:\WinAVR-20100110\bin;D:\WinAVR-20100110\utils\bin;C:\Windows\system32;C:\Windows;C:\Windows\System32\Wbem;C:\Windows\System32\WindowsPowerShell\v1.0\;C:\OrCAD\OrCAD_10.5\tools\pcb\bin;C:\OrCAD\OrCAD_10.5\tools\fet\bin;C:\OrCAD\OrCAD_10.5\tools\PSpice\Library;C:\OrCAD\OrCAD_10.5\tools\specctra\bin;C:\OrCAD\OrCAD_10.5\tools\bin;C:\OrCAD\OrCAD_10.5\tools\Capture;C:\Program Files (x86)\Microsoft SQL Server\90\Tools\binn\;C:\Program Files\doxygen\bin;C:\Program Files (x86)\Graphviz 2.28\bin;C:/MentorGraphics/2007PADS/MGC_HOME.ixn\bin;C:/MentorGraphics/2007PADS/MGC_HOME.ixn\lib;C:/MentorGraphics/2007PADS/MGC_HOME.ixn\bin;C:/MentorGraphics/2007PADS/MGC_HOME.ixn\lib;C:\MENTOR~1\LICENS~1;C:\Program Files (x86)\SSH Communications Security\SSH Secure Shell;C:\Program Files\Bandizip\7z
USERNAME=Administrator
OS=Windows_NT
PROCESSOR_IDENTIFIER=Intel64 Family 6 Model 42 Stepping 7, GenuineIntel



---------------  S Y S T E M  ---------------

OS: Windows 7 , 64 bit Build 7601 Service Pack 1

CPU:total 4 (2 cores per cpu, 2 threads per core) family 6 model 42 stepping 7, cmov, cx8, fxsr, mmx, sse, sse2, sse3, ssse3, sse4.1, sse4.2, popcnt, avx, ht, tsc, tscinvbit

Memory: 4k page, physical 7878072k(1526484k free), swap 7876236k(5172k free)

vm_info: Java HotSpot(TM) 64-Bit Server VM (23.7-b01) for windows-amd64 JRE (1.7.0_17-b02), built on Mar  1 2013 03:38:30 by "java_re" with unknown MS VC++:1600

time: Wed Aug 03 11:12:57 2016
elapsed time: 0 seconds

